d:\workplace\vnc\zolkrat\zolkrat\libvncserver\build\vncserver.dir\minsizerel\crypto_included.obj
d:\workplace\vnc\zolkrat\zolkrat\libvncserver\build\vncserver.dir\minsizerel\scale.obj
d:\workplace\vnc\zolkrat\zolkrat\libvncserver\build\vncserver.dir\minsizerel\ultra.obj
d:\workplace\vnc\zolkrat\zolkrat\libvncserver\build\vncserver.dir\minsizerel\cargs.obj
d:\workplace\vnc\zolkrat\zolkrat\libvncserver\build\vncserver.dir\minsizerel\vncauth.obj
d:\workplace\vnc\zolkrat\zolkrat\libvncserver\build\vncserver.dir\minsizerel\selbox.obj
d:\workplace\vnc\zolkrat\zolkrat\libvncserver\build\vncserver.dir\minsizerel\draw.obj
d:\workplace\vnc\zolkrat\zolkrat\libvncserver\build\vncserver.dir\minsizerel\font.obj
d:\workplace\vnc\zolkrat\zolkrat\libvncserver\build\vncserver.dir\minsizerel\cursor.obj
d:\workplace\vnc\zolkrat\zolkrat\libvncserver\build\vncserver.dir\minsizerel\httpd.obj
d:\workplace\vnc\zolkrat\zolkrat\libvncserver\build\vncserver.dir\minsizerel\cutpaste.obj
d:\workplace\vnc\zolkrat\zolkrat\libvncserver\build\vncserver.dir\minsizerel\translate.obj
d:\workplace\vnc\zolkrat\zolkrat\libvncserver\build\vncserver.dir\minsizerel\rre.obj
d:\workplace\vnc\zolkrat\zolkrat\libvncserver\build\vncserver.dir\minsizerel\hextile.obj
d:\workplace\vnc\zolkrat\zolkrat\libvncserver\build\vncserver.dir\minsizerel\corre.obj
d:\workplace\vnc\zolkrat\zolkrat\libvncserver\build\vncserver.dir\minsizerel\stats.obj
d:\workplace\vnc\zolkrat\zolkrat\libvncserver\build\vncserver.dir\minsizerel\auth.obj
d:\workplace\vnc\zolkrat\zolkrat\libvncserver\build\vncserver.dir\minsizerel\rfbregion.obj
d:\workplace\vnc\zolkrat\zolkrat\libvncserver\build\vncserver.dir\minsizerel\rfbserver.obj
d:\workplace\vnc\zolkrat\zolkrat\libvncserver\build\vncserver.dir\minsizerel\main.obj
d:\workplace\vnc\zolkrat\zolkrat\libvncserver\build\vncserver.dir\minsizerel\minilzo.obj
d:\workplace\vnc\zolkrat\zolkrat\libvncserver\build\vncserver.dir\minsizerel\rfbssl_none.obj
d:\workplace\vnc\zolkrat\zolkrat\libvncserver\build\vncserver.dir\minsizerel\d3des.obj
d:\workplace\vnc\zolkrat\zolkrat\libvncserver\build\vncserver.dir\minsizerel\sha1.obj
d:\workplace\vnc\zolkrat\zolkrat\libvncserver\build\vncserver.dir\minsizerel\src\libvncserver\sockets.c.obj
d:\workplace\vnc\zolkrat\zolkrat\libvncserver\build\vncserver.dir\minsizerel\src\common\sockets.c.obj
d:\workplace\vnc\zolkrat\zolkrat\libvncserver\build\cmakefiles\generate.stamp
d:\workplace\vnc\zolkrat\zolkrat\libvncserver\build\minsizerel\vncserver.lib
d:\workplace\vnc\zolkrat\zolkrat\libvncserver\build\vncserver.dir\minsizerel\vncserver.tlog\cl.command.1.tlog
d:\workplace\vnc\zolkrat\zolkrat\libvncserver\build\vncserver.dir\minsizerel\vncserver.tlog\cl.read.1.tlog
d:\workplace\vnc\zolkrat\zolkrat\libvncserver\build\vncserver.dir\minsizerel\vncserver.tlog\cl.write.1.tlog
d:\workplace\vnc\zolkrat\zolkrat\libvncserver\build\vncserver.dir\minsizerel\vncserver.tlog\custombuild.command.1.tlog
d:\workplace\vnc\zolkrat\zolkrat\libvncserver\build\vncserver.dir\minsizerel\vncserver.tlog\custombuild.read.1.tlog
d:\workplace\vnc\zolkrat\zolkrat\libvncserver\build\vncserver.dir\minsizerel\vncserver.tlog\custombuild.write.1.tlog
d:\workplace\vnc\zolkrat\zolkrat\libvncserver\build\vncserver.dir\minsizerel\vncserver.tlog\lib-link.read.1.tlog
d:\workplace\vnc\zolkrat\zolkrat\libvncserver\build\vncserver.dir\minsizerel\vncserver.tlog\lib-link.write.1.tlog
d:\workplace\vnc\zolkrat\zolkrat\libvncserver\build\vncserver.dir\minsizerel\vncserver.tlog\lib.command.1.tlog
